Name                                                                         Stmts   Miss Branch BrPart  Cover
--------------------------------------------------------------------------------------------------------------
/Users/christian/Dropbox/College/Spring_2019/SWE/cs329e-idb/TestWebsite.py      28     19      2      0    30%
__init__.py                                                                      0      0      0      0   100%
models.py                                                                       42      0      0      0   100%
--------------------------------------------------------------------------------------------------------------
TOTAL                                                                           70     19      2      0    71%
