Name                                                                         Stmts   Miss Branch BrPart  Cover
--------------------------------------------------------------------------------------------------------------
/Users/christian/Dropbox/College/Spring_2019/SWE/cs329e-idb/TestWebsite.py      31     22      4      0    26%
__init__.py                                                                      0      0      0      0   100%
models.py                                                                       42      0      0      0   100%
--------------------------------------------------------------------------------------------------------------
TOTAL                                                                           73     22      4      0    66%
